c:\users\mpagg\desktop\computergraphics\elaborato1\elaborato1\x64\debug\vc143.pdb
c:\users\mpagg\desktop\computergraphics\elaborato1\elaborato1\x64\debug\vc143.idb
c:\users\mpagg\desktop\computergraphics\elaborato1\elaborato1\x64\debug\utilities.obj
c:\users\mpagg\desktop\computergraphics\elaborato1\elaborato1\x64\debug\shadermaker.obj
c:\users\mpagg\desktop\computergraphics\elaborato1\elaborato1\x64\debug\rendering.obj
c:\users\mpagg\desktop\computergraphics\elaborato1\elaborato1\x64\debug\inizializzazioni.obj
c:\users\mpagg\desktop\computergraphics\elaborato1\elaborato1\x64\debug\init_geometrie.obj
c:\users\mpagg\desktop\computergraphics\elaborato1\elaborato1\x64\debug\gui.obj
c:\users\mpagg\desktop\computergraphics\elaborato1\elaborato1\x64\debug\gestione_interazioni.obj
c:\users\mpagg\desktop\computergraphics\elaborato1\elaborato1\x64\debug\gestione_curve.obj
c:\users\mpagg\desktop\computergraphics\elaborato1\elaborato1\x64\debug\main.obj
c:\users\mpagg\desktop\computergraphics\elaborato1\elaborato1\x64\debug\imgui_widgets.obj
c:\users\mpagg\desktop\computergraphics\elaborato1\elaborato1\x64\debug\imgui_tables.obj
c:\users\mpagg\desktop\computergraphics\elaborato1\elaborato1\x64\debug\imgui_impl_opengl3.obj
c:\users\mpagg\desktop\computergraphics\elaborato1\elaborato1\x64\debug\imgui_impl_glfw.obj
c:\users\mpagg\desktop\computergraphics\elaborato1\elaborato1\x64\debug\imgui_draw.obj
c:\users\mpagg\desktop\computergraphics\elaborato1\elaborato1\x64\debug\imgui_demo.obj
c:\users\mpagg\desktop\computergraphics\elaborato1\elaborato1\x64\debug\imgui.obj
c:\users\mpagg\desktop\computergraphics\elaborato1\elaborato1\x64\debug\glad.obj
c:\users\mpagg\desktop\computergraphics\elaborato1\x64\debug\elaborato1.exe
c:\users\mpagg\desktop\computergraphics\elaborato1\elaborato1\x64\debug\elaborato1.ilk
c:\users\mpagg\desktop\computergraphics\elaborato1\x64\debug\elaborato1.pdb
c:\users\mpagg\desktop\computergraphics\elaborato1\elaborato1\x64\debug\elaborato1.tlog\cl.command.1.tlog
c:\users\mpagg\desktop\computergraphics\elaborato1\elaborato1\x64\debug\elaborato1.tlog\cl.read.1.tlog
c:\users\mpagg\desktop\computergraphics\elaborato1\elaborato1\x64\debug\elaborato1.tlog\cl.write.1.tlog
c:\users\mpagg\desktop\computergraphics\elaborato1\elaborato1\x64\debug\elaborato1.tlog\link.command.1.tlog
c:\users\mpagg\desktop\computergraphics\elaborato1\elaborato1\x64\debug\elaborato1.tlog\link.read.1.tlog
c:\users\mpagg\desktop\computergraphics\elaborato1\elaborato1\x64\debug\elaborato1.tlog\link.write.1.tlog
