  imgui.cpp
c1xx : fatal  error C1083: Non è possibile aprire il file origine: '..\..\..\..\Downloads\Esercitazione  7 Novembre 2024-20241107\Esercitazione6_2_Soluzione\imgui\imgui.cpp': No such file or directory
  imgui_demo.cpp
c1xx : fatal  error C1083: Non è possibile aprire il file origine: '..\..\..\..\Downloads\Esercitazione  7 Novembre 2024-20241107\Esercitazione6_2_Soluzione\imgui\imgui_demo.cpp': No such file or directory
  imgui_draw.cpp
c1xx : fatal  error C1083: Non è possibile aprire il file origine: '..\..\..\..\Downloads\Esercitazione  7 Novembre 2024-20241107\Esercitazione6_2_Soluzione\imgui\imgui_draw.cpp': No such file or directory
  imgui_impl_glfw.cpp
c1xx : fatal  error C1083: Non è possibile aprire il file origine: '..\..\..\..\Downloads\Esercitazione  7 Novembre 2024-20241107\Esercitazione6_2_Soluzione\imgui\imgui_impl_glfw.cpp': No such file or directory
  imgui_impl_opengl3.cpp
c1xx : fatal  error C1083: Non è possibile aprire il file origine: '..\..\..\..\Downloads\Esercitazione  7 Novembre 2024-20241107\Esercitazione6_2_Soluzione\imgui\imgui_impl_opengl3.cpp': No such file or directory
  imgui_tables.cpp
c1xx : fatal  error C1083: Non è possibile aprire il file origine: '..\..\..\..\Downloads\Esercitazione  7 Novembre 2024-20241107\Esercitazione6_2_Soluzione\imgui\imgui_tables.cpp': No such file or directory
  imgui_widgets.cpp
c1xx : fatal  error C1083: Non è possibile aprire il file origine: '..\..\..\..\Downloads\Esercitazione  7 Novembre 2024-20241107\Esercitazione6_2_Soluzione\imgui\imgui_widgets.cpp': No such file or directory
  gestione_curve.cpp
C:\Users\mpagg\Desktop\ComputerGraphics\Progetto6_Soluzione\Progetto6_Soluzione\gestione_curve.cpp(21,100): warning C4244: 'return': conversione da 'double' a 'float'. Possibile perdita di dati.
C:\Users\mpagg\Desktop\ComputerGraphics\Progetto6_Soluzione\Progetto6_Soluzione\gestione_curve.cpp(23,100): warning C4244: 'return': conversione da 'double' a 'float'. Possibile perdita di dati.
C:\Users\mpagg\Desktop\ComputerGraphics\Progetto6_Soluzione\Progetto6_Soluzione\gestione_curve.cpp(26,126): warning C4244: 'return': conversione da 'double' a 'float'. Possibile perdita di dati.
C:\Users\mpagg\Desktop\ComputerGraphics\Progetto6_Soluzione\Progetto6_Soluzione\gestione_curve.cpp(28,126): warning C4244: 'return': conversione da 'double' a 'float'. Possibile perdita di dati.
C:\Users\mpagg\Desktop\ComputerGraphics\Progetto6_Soluzione\Progetto6_Soluzione\gestione_curve.cpp(33,105): warning C4244: 'return': conversione da 'double' a 'float'. Possibile perdita di dati.
C:\Users\mpagg\Desktop\ComputerGraphics\Progetto6_Soluzione\Progetto6_Soluzione\gestione_curve.cpp(35,106): warning C4244: 'return': conversione da 'double' a 'float'. Possibile perdita di dati.
C:\Users\mpagg\Desktop\ComputerGraphics\Progetto6_Soluzione\Progetto6_Soluzione\gestione_curve.cpp(38,126): warning C4244: 'return': conversione da 'double' a 'float'. Possibile perdita di dati.
C:\Users\mpagg\Desktop\ComputerGraphics\Progetto6_Soluzione\Progetto6_Soluzione\gestione_curve.cpp(40,126): warning C4244: 'return': conversione da 'double' a 'float'. Possibile perdita di dati.
C:\Users\mpagg\Desktop\ComputerGraphics\Progetto6_Soluzione\Progetto6_Soluzione\gestione_curve.cpp(72,16): warning C4244: 'inizializzazione': conversione da 'double' a 'float'. Possibile perdita di dati.
C:\Users\mpagg\Desktop\ComputerGraphics\Progetto6_Soluzione\Progetto6_Soluzione\gestione_curve.cpp(96,113): warning C4244: '=': conversione da 'double' a 'float'. Possibile perdita di dati.
C:\Users\mpagg\Desktop\ComputerGraphics\Progetto6_Soluzione\Progetto6_Soluzione\gestione_curve.cpp(97,113): warning C4244: '=': conversione da 'double' a 'float'. Possibile perdita di dati.
C:\Users\mpagg\Desktop\ComputerGraphics\Progetto6_Soluzione\Progetto6_Soluzione\gestione_curve.cpp(101,37): warning C4267: '=': conversione da 'size_t' a 'int'. Possibile perdita di dati.
C:\Users\mpagg\Desktop\ComputerGraphics\Progetto6_Soluzione\Progetto6_Soluzione\gestione_curve.cpp(112,53): warning C4267: 'argomento': conversione da 'size_t' a 'int'. Possibile perdita di dati.
C:\Users\mpagg\Desktop\ComputerGraphics\Progetto6_Soluzione\Progetto6_Soluzione\gestione_curve.cpp(112,85): warning C4267: 'argomento': conversione da 'size_t' a 'int'. Possibile perdita di dati.
C:\Users\mpagg\Desktop\ComputerGraphics\Progetto6_Soluzione\Progetto6_Soluzione\gestione_curve.cpp(115,53): warning C4267: 'argomento': conversione da 'size_t' a 'int'. Possibile perdita di dati.
C:\Users\mpagg\Desktop\ComputerGraphics\Progetto6_Soluzione\Progetto6_Soluzione\gestione_curve.cpp(115,85): warning C4267: 'argomento': conversione da 'size_t' a 'int'. Possibile perdita di dati.
C:\Users\mpagg\Desktop\ComputerGraphics\Progetto6_Soluzione\Progetto6_Soluzione\gestione_curve.cpp(117,33): warning C4267: '=': conversione da 'size_t' a 'int'. Possibile perdita di dati.
C:\Users\mpagg\Desktop\ComputerGraphics\Progetto6_Soluzione\Progetto6_Soluzione\gestione_curve.cpp(73,6): warning C4101: 'j': variabile locale senza riferimenti
  gestione_interazioni_ese6.cpp
C:\Users\mpagg\Desktop\ComputerGraphics\Progetto6_Soluzione\Progetto6_Soluzione\gestione_interazioni_ese6.cpp(31,37): warning C4244: '=': conversione da 'double' a 'float'. Possibile perdita di dati.
C:\Users\mpagg\Desktop\ComputerGraphics\Progetto6_Soluzione\Progetto6_Soluzione\gestione_interazioni_ese6.cpp(32,38): warning C4244: '=': conversione da 'double' a 'float'. Possibile perdita di dati.
C:\Users\mpagg\Desktop\ComputerGraphics\Progetto6_Soluzione\Progetto6_Soluzione\gestione_interazioni_ese6.cpp(74,58): warning C4244: '=': conversione da 'double' a 'float'. Possibile perdita di dati.
C:\Users\mpagg\Desktop\ComputerGraphics\Progetto6_Soluzione\Progetto6_Soluzione\gestione_interazioni_ese6.cpp(75,56): warning C4244: '=': conversione da 'double' a 'float'. Possibile perdita di dati.
C:\Users\mpagg\Desktop\ComputerGraphics\Progetto6_Soluzione\Progetto6_Soluzione\gestione_interazioni_ese6.cpp(102,60): warning C4244: '=': conversione da 'double' a 'float'. Possibile perdita di dati.
C:\Users\mpagg\Desktop\ComputerGraphics\Progetto6_Soluzione\Progetto6_Soluzione\gestione_interazioni_ese6.cpp(103,61): warning C4244: '=': conversione da 'double' a 'float'. Possibile perdita di dati.
C:\Users\mpagg\Desktop\ComputerGraphics\Progetto6_Soluzione\Progetto6_Soluzione\gestione_interazioni_ese6.cpp(112,48): warning C4267: '=': conversione da 'size_t' a 'int'. Possibile perdita di dati.
C:\Users\mpagg\Desktop\ComputerGraphics\Progetto6_Soluzione\Progetto6_Soluzione\gestione_interazioni_ese6.cpp(157,29): warning C4244: '=': conversione da 'double' a 'float'. Possibile perdita di dati.
C:\Users\mpagg\Desktop\ComputerGraphics\Progetto6_Soluzione\Progetto6_Soluzione\gestione_interazioni_ese6.cpp(159,29): warning C4244: '=': conversione da 'double' a 'float'. Possibile perdita di dati.
C:\Users\mpagg\Desktop\ComputerGraphics\Progetto6_Soluzione\Progetto6_Soluzione\gestione_interazioni_ese6.cpp(164,29): warning C4244: '=': conversione da 'double' a 'float'. Possibile perdita di dati.
C:\Users\mpagg\Desktop\ComputerGraphics\Progetto6_Soluzione\Progetto6_Soluzione\gestione_interazioni_ese6.cpp(166,29): warning C4244: '=': conversione da 'double' a 'float'. Possibile perdita di dati.
C:\Users\mpagg\Desktop\ComputerGraphics\Progetto6_Soluzione\Progetto6_Soluzione\gestione_interazioni_ese6.cpp(171,29): warning C4244: '=': conversione da 'double' a 'float'. Possibile perdita di dati.
C:\Users\mpagg\Desktop\ComputerGraphics\Progetto6_Soluzione\Progetto6_Soluzione\gestione_interazioni_ese6.cpp(173,29): warning C4244: '=': conversione da 'double' a 'float'. Possibile perdita di dati.
  Gui.cpp
C:\Users\mpagg\Desktop\ComputerGraphics\Progetto6_Soluzione\Progetto6_Soluzione\Gui.cpp(57,41): warning C4267: 'inizializzazione': conversione da 'size_t' a 'int'. Possibile perdita di dati.
C:\Users\mpagg\Desktop\ComputerGraphics\Progetto6_Soluzione\Progetto6_Soluzione\Gui.cpp(131,41): warning C4267: '=': conversione da 'size_t' a 'int'. Possibile perdita di dati.
C:\Users\mpagg\Desktop\ComputerGraphics\Progetto6_Soluzione\Progetto6_Soluzione\Gui.cpp(93,18): warning C4101: 'i': variabile locale senza riferimenti
  inizializzazioni_ese6.cpp
  Progetto6_Soluzione.cpp
C:\Users\mpagg\Desktop\ComputerGraphics\Progetto6_Soluzione\Progetto6_Soluzione\Progetto6_Soluzione.cpp(19,23): warning C4305: 'inizializzazione': troncamento da 'double' a 'float'
C:\Users\mpagg\Desktop\ComputerGraphics\Progetto6_Soluzione\Progetto6_Soluzione\Progetto6_Soluzione.cpp(170,49): warning C4267: 'argomento': conversione da 'size_t' a 'GLsizei'. Possibile perdita di dati.
C:\Users\mpagg\Desktop\ComputerGraphics\Progetto6_Soluzione\Progetto6_Soluzione\Progetto6_Soluzione.cpp(184,55): warning C4267: 'argomento': conversione da 'size_t' a 'GLsizei'. Possibile perdita di dati.
C:\Users\mpagg\Desktop\ComputerGraphics\Progetto6_Soluzione\Progetto6_Soluzione\Progetto6_Soluzione.cpp(185,51): warning C4267: 'argomento': conversione da 'size_t' a 'GLsizei'. Possibile perdita di dati.
C:\Users\mpagg\Desktop\ComputerGraphics\Progetto6_Soluzione\Progetto6_Soluzione\Progetto6_Soluzione.cpp(195,26): warning C4244: '=': conversione da 'double' a 'float'. Possibile perdita di dati.
C:\Users\mpagg\Desktop\ComputerGraphics\Progetto6_Soluzione\Progetto6_Soluzione\Progetto6_Soluzione.cpp(207,65): warning C4267: 'argomento': conversione da 'size_t' a 'GLsizei'. Possibile perdita di dati.
C:\Users\mpagg\Desktop\ComputerGraphics\Progetto6_Soluzione\Progetto6_Soluzione\Progetto6_Soluzione.cpp(214,58): warning C4267: 'argomento': conversione da 'size_t' a 'GLsizei'. Possibile perdita di dati.
  ShaderMaker.cpp
  Generazione del codice in corso...
C:\Users\mpagg\Desktop\ComputerGraphics\Progetto6_Soluzione\Progetto6_Soluzione\gestione_curve.cpp(54): warning C4715: 'DX': non tutti i percorsi di controllo restituiscono un valore
C:\Users\mpagg\Desktop\ComputerGraphics\Progetto6_Soluzione\Progetto6_Soluzione\gestione_curve.cpp(67): warning C4715: 'DY': non tutti i percorsi di controllo restituiscono un valore
