  Progetto1.cpp
  glad.c
C:\Users\mpagg\Desktop\ComputerGraphics\Progetto1\Progetto1\glad.c(270,16): error C2061: errore di sintassi: identificatore 'glad_glAccum'
C:\Users\mpagg\Desktop\ComputerGraphics\Progetto1\Progetto1\glad.c(270,16): error C2059: errore di sintassi: ';'
C:\Users\mpagg\Desktop\ComputerGraphics\Progetto1\Progetto1\glad.c(270,29): error C2513: ' ': nessuna variabile dichiarata prima di '='
C:\Users\mpagg\Desktop\ComputerGraphics\Progetto1\Progetto1\glad.c(272,20): error C2061: errore di sintassi: identificatore 'glad_glAlphaFunc'
C:\Users\mpagg\Desktop\ComputerGraphics\Progetto1\Progetto1\glad.c(272,20): error C2059: errore di sintassi: ';'
C:\Users\mpagg\Desktop\ComputerGraphics\Progetto1\Progetto1\glad.c(272,37): error C2513: ' ': nessuna variabile dichiarata prima di '='
C:\Users\mpagg\Desktop\ComputerGraphics\Progetto1\Progetto1\glad.c(273,30): error C2061: errore di sintassi: identificatore 'glad_glAreTexturesResident'
C:\Users\mpagg\Desktop\ComputerGraphics\Progetto1\Progetto1\glad.c(273,30): error C2059: errore di sintassi: ';'
C:\Users\mpagg\Desktop\ComputerGraphics\Progetto1\Progetto1\glad.c(273,57): error C2513: ' ': nessuna variabile dichiarata prima di '='
C:\Users\mpagg\Desktop\ComputerGraphics\Progetto1\Progetto1\glad.c(274,23): error C2061: errore di sintassi: identificatore 'glad_glArrayElement'
C:\Users\mpagg\Desktop\ComputerGraphics\Progetto1\Progetto1\glad.c(274,23): error C2059: errore di sintassi: ';'
C:\Users\mpagg\Desktop\ComputerGraphics\Progetto1\Progetto1\glad.c(274,43): error C2513: ' ': nessuna variabile dichiarata prima di '='
C:\Users\mpagg\Desktop\ComputerGraphics\Progetto1\Progetto1\glad.c(276,16): error C2061: errore di sintassi: identificatore 'glad_glBegin'
C:\Users\mpagg\Desktop\ComputerGraphics\Progetto1\Progetto1\glad.c(276,16): error C2059: errore di sintassi: ';'
C:\Users\mpagg\Desktop\ComputerGraphics\Progetto1\Progetto1\glad.c(276,29): error C2513: ' ': nessuna variabile dichiarata prima di '='
C:\Users\mpagg\Desktop\ComputerGraphics\Progetto1\Progetto1\glad.c(291,17): error C2061: errore di sintassi: identificatore 'glad_glBitmap'
C:\Users\mpagg\Desktop\ComputerGraphics\Progetto1\Progetto1\glad.c(291,17): error C2059: errore di sintassi: ';'
C:\Users\mpagg\Desktop\ComputerGraphics\Progetto1\Progetto1\glad.c(291,31): error C2513: ' ': nessuna variabile dichiarata prima di '='
C:\Users\mpagg\Desktop\ComputerGraphics\Progetto1\Progetto1\glad.c(300,19): error C2061: errore di sintassi: identificatore 'glad_glCallList'
C:\Users\mpagg\Desktop\ComputerGraphics\Progetto1\Progetto1\glad.c(300,19): error C2059: errore di sintassi: ';'
C:\Users\mpagg\Desktop\ComputerGraphics\Progetto1\Progetto1\glad.c(300,35): error C2513: ' ': nessuna variabile dichiarata prima di '='
C:\Users\mpagg\Desktop\ComputerGraphics\Progetto1\Progetto1\glad.c(301,20): error C2061: errore di sintassi: identificatore 'glad_glCallLists'
C:\Users\mpagg\Desktop\ComputerGraphics\Progetto1\Progetto1\glad.c(301,20): error C2059: errore di sintassi: ';'
C:\Users\mpagg\Desktop\ComputerGraphics\Progetto1\Progetto1\glad.c(301,37): error C2513: ' ': nessuna variabile dichiarata prima di '='
C:\Users\mpagg\Desktop\ComputerGraphics\Progetto1\Progetto1\glad.c(305,21): error C2061: errore di sintassi: identificatore 'glad_glClearAccum'
C:\Users\mpagg\Desktop\ComputerGraphics\Progetto1\Progetto1\glad.c(305,21): error C2059: errore di sintassi: ';'
C:\Users\mpagg\Desktop\ComputerGraphics\Progetto1\Progetto1\glad.c(305,39): error C2513: ' ': nessuna variabile dichiarata prima di '='
C:\Users\mpagg\Desktop\ComputerGraphics\Progetto1\Progetto1\glad.c(312,21): error C2061: errore di sintassi: identificatore 'glad_glClearIndex'
C:\Users\mpagg\Desktop\ComputerGraphics\Progetto1\Progetto1\glad.c(312,21): error C2059: errore di sintassi: ';'
C:\Users\mpagg\Desktop\ComputerGraphics\Progetto1\Progetto1\glad.c(312,39): error C2513: ' ': nessuna variabile dichiarata prima di '='
C:\Users\mpagg\Desktop\ComputerGraphics\Progetto1\Progetto1\glad.c(314,30): error C2061: errore di sintassi: identificatore 'glad_glClientActiveTexture'
C:\Users\mpagg\Desktop\ComputerGraphics\Progetto1\Progetto1\glad.c(314,30): error C2059: errore di sintassi: ';'
C:\Users\mpagg\Desktop\ComputerGraphics\Progetto1\Progetto1\glad.c(314,57): error C2513: ' ': nessuna variabile dichiarata prima di '='
C:\Users\mpagg\Desktop\ComputerGraphics\Progetto1\Progetto1\glad.c(316,20): error C2061: errore di sintassi: identificatore 'glad_glClipPlane'
C:\Users\mpagg\Desktop\ComputerGraphics\Progetto1\Progetto1\glad.c(316,20): error C2059: errore di sintassi: ';'
C:\Users\mpagg\Desktop\ComputerGraphics\Progetto1\Progetto1\glad.c(316,37): error C2513: ' ': nessuna variabile dichiarata prima di '='
C:\Users\mpagg\Desktop\ComputerGraphics\Progetto1\Progetto1\glad.c(317,18): error C2061: errore di sintassi: identificatore 'glad_glColor3b'
C:\Users\mpagg\Desktop\ComputerGraphics\Progetto1\Progetto1\glad.c(317,18): error C2059: errore di sintassi: ';'
C:\Users\mpagg\Desktop\ComputerGraphics\Progetto1\Progetto1\glad.c(317,33): error C2513: ' ': nessuna variabile dichiarata prima di '='
C:\Users\mpagg\Desktop\ComputerGraphics\Progetto1\Progetto1\glad.c(318,19): error C2061: errore di sintassi: identificatore 'glad_glColor3bv'
C:\Users\mpagg\Desktop\ComputerGraphics\Progetto1\Progetto1\glad.c(318,19): error C2059: errore di sintassi: ';'
C:\Users\mpagg\Desktop\ComputerGraphics\Progetto1\Progetto1\glad.c(318,35): error C2513: ' ': nessuna variabile dichiarata prima di '='
C:\Users\mpagg\Desktop\ComputerGraphics\Progetto1\Progetto1\glad.c(319,18): error C2061: errore di sintassi: identificatore 'glad_glColor3d'
C:\Users\mpagg\Desktop\ComputerGraphics\Progetto1\Progetto1\glad.c(319,18): error C2059: errore di sintassi: ';'
C:\Users\mpagg\Desktop\ComputerGraphics\Progetto1\Progetto1\glad.c(319,33): error C2513: ' ': nessuna variabile dichiarata prima di '='
C:\Users\mpagg\Desktop\ComputerGraphics\Progetto1\Progetto1\glad.c(320,19): error C2061: errore di sintassi: identificatore 'glad_glColor3dv'
C:\Users\mpagg\Desktop\ComputerGraphics\Progetto1\Progetto1\glad.c(320,19): error C2059: errore di sintassi: ';'
C:\Users\mpagg\Desktop\ComputerGraphics\Progetto1\Progetto1\glad.c(320,35): error C2513: ' ': nessuna variabile dichiarata prima di '='
C:\Users\mpagg\Desktop\ComputerGraphics\Progetto1\Progetto1\glad.c(321,18): error C2061: errore di sintassi: identificatore 'glad_glColor3f'
C:\Users\mpagg\Desktop\ComputerGraphics\Progetto1\Progetto1\glad.c(321,18): error C2059: errore di sintassi: ';'
C:\Users\mpagg\Desktop\ComputerGraphics\Progetto1\Progetto1\glad.c(321,33): error C2513: ' ': nessuna variabile dichiarata prima di '='
C:\Users\mpagg\Desktop\ComputerGraphics\Progetto1\Progetto1\glad.c(322,19): error C2061: errore di sintassi: identificatore 'glad_glColor3fv'
C:\Users\mpagg\Desktop\ComputerGraphics\Progetto1\Progetto1\glad.c(322,19): error C2059: errore di sintassi: ';'
C:\Users\mpagg\Desktop\ComputerGraphics\Progetto1\Progetto1\glad.c(322,35): error C2513: ' ': nessuna variabile dichiarata prima di '='
C:\Users\mpagg\Desktop\ComputerGraphics\Progetto1\Progetto1\glad.c(323,18): error C2061: errore di sintassi: identificatore 'glad_glColor3i'
C:\Users\mpagg\Desktop\ComputerGraphics\Progetto1\Progetto1\glad.c(323,18): error C2059: errore di sintassi: ';'
C:\Users\mpagg\Desktop\ComputerGraphics\Progetto1\Progetto1\glad.c(323,33): error C2513: ' ': nessuna variabile dichiarata prima di '='
C:\Users\mpagg\Desktop\ComputerGraphics\Progetto1\Progetto1\glad.c(324,19): error C2061: errore di sintassi: identificatore 'glad_glColor3iv'
C:\Users\mpagg\Desktop\ComputerGraphics\Progetto1\Progetto1\glad.c(324,19): error C2059: errore di sintassi: ';'
C:\Users\mpagg\Desktop\ComputerGraphics\Progetto1\Progetto1\glad.c(324,35): error C2513: ' ': nessuna variabile dichiarata prima di '='
C:\Users\mpagg\Desktop\ComputerGraphics\Progetto1\Progetto1\glad.c(325,18): error C2061: errore di sintassi: identificatore 'glad_glColor3s'
C:\Users\mpagg\Desktop\ComputerGraphics\Progetto1\Progetto1\glad.c(325,18): error C2059: errore di sintassi: ';'
C:\Users\mpagg\Desktop\ComputerGraphics\Progetto1\Progetto1\glad.c(325,33): error C2513: ' ': nessuna variabile dichiarata prima di '='
C:\Users\mpagg\Desktop\ComputerGraphics\Progetto1\Progetto1\glad.c(326,19): error C2061: errore di sintassi: identificatore 'glad_glColor3sv'
C:\Users\mpagg\Desktop\ComputerGraphics\Progetto1\Progetto1\glad.c(326,19): error C2059: errore di sintassi: ';'
C:\Users\mpagg\Desktop\ComputerGraphics\Progetto1\Progetto1\glad.c(326,35): error C2513: ' ': nessuna variabile dichiarata prima di '='
C:\Users\mpagg\Desktop\ComputerGraphics\Progetto1\Progetto1\glad.c(327,19): error C2061: errore di sintassi: identificatore 'glad_glColor3ub'
C:\Users\mpagg\Desktop\ComputerGraphics\Progetto1\Progetto1\glad.c(327,19): error C2059: errore di sintassi: ';'
C:\Users\mpagg\Desktop\ComputerGraphics\Progetto1\Progetto1\glad.c(327,35): error C2513: ' ': nessuna variabile dichiarata prima di '='
C:\Users\mpagg\Desktop\ComputerGraphics\Progetto1\Progetto1\glad.c(328,20): error C2061: errore di sintassi: identificatore 'glad_glColor3ubv'
C:\Users\mpagg\Desktop\ComputerGraphics\Progetto1\Progetto1\glad.c(328,20): error C2059: errore di sintassi: ';'
C:\Users\mpagg\Desktop\ComputerGraphics\Progetto1\Progetto1\glad.c(328,37): error C2513: ' ': nessuna variabile dichiarata prima di '='
C:\Users\mpagg\Desktop\ComputerGraphics\Progetto1\Progetto1\glad.c(329,19): error C2061: errore di sintassi: identificatore 'glad_glColor3ui'
C:\Users\mpagg\Desktop\ComputerGraphics\Progetto1\Progetto1\glad.c(329,19): error C2059: errore di sintassi: ';'
C:\Users\mpagg\Desktop\ComputerGraphics\Progetto1\Progetto1\glad.c(329,35): error C2513: ' ': nessuna variabile dichiarata prima di '='
C:\Users\mpagg\Desktop\ComputerGraphics\Progetto1\Progetto1\glad.c(330,20): error C2061: errore di sintassi: identificatore 'glad_glColor3uiv'
C:\Users\mpagg\Desktop\ComputerGraphics\Progetto1\Progetto1\glad.c(330,20): error C2059: errore di sintassi: ';'
C:\Users\mpagg\Desktop\ComputerGraphics\Progetto1\Progetto1\glad.c(330,37): error C2513: ' ': nessuna variabile dichiarata prima di '='
C:\Users\mpagg\Desktop\ComputerGraphics\Progetto1\Progetto1\glad.c(331,19): error C2061: errore di sintassi: identificatore 'glad_glColor3us'
C:\Users\mpagg\Desktop\ComputerGraphics\Progetto1\Progetto1\glad.c(331,19): error C2059: errore di sintassi: ';'
C:\Users\mpagg\Desktop\ComputerGraphics\Progetto1\Progetto1\glad.c(331,35): error C2513: ' ': nessuna variabile dichiarata prima di '='
C:\Users\mpagg\Desktop\ComputerGraphics\Progetto1\Progetto1\glad.c(332,20): error C2061: errore di sintassi: identificatore 'glad_glColor3usv'
C:\Users\mpagg\Desktop\ComputerGraphics\Progetto1\Progetto1\glad.c(332,20): error C2059: errore di sintassi: ';'
C:\Users\mpagg\Desktop\ComputerGraphics\Progetto1\Progetto1\glad.c(332,37): error C2513: ' ': nessuna variabile dichiarata prima di '='
C:\Users\mpagg\Desktop\ComputerGraphics\Progetto1\Progetto1\glad.c(333,18): error C2061: errore di sintassi: identificatore 'glad_glColor4b'
C:\Users\mpagg\Desktop\ComputerGraphics\Progetto1\Progetto1\glad.c(333,18): error C2059: errore di sintassi: ';'
C:\Users\mpagg\Desktop\ComputerGraphics\Progetto1\Progetto1\glad.c(333,33): error C2513: ' ': nessuna variabile dichiarata prima di '='
C:\Users\mpagg\Desktop\ComputerGraphics\Progetto1\Progetto1\glad.c(334,19): error C2061: errore di sintassi: identificatore 'glad_glColor4bv'
C:\Users\mpagg\Desktop\ComputerGraphics\Progetto1\Progetto1\glad.c(334,19): error C2059: errore di sintassi: ';'
C:\Users\mpagg\Desktop\ComputerGraphics\Progetto1\Progetto1\glad.c(334,35): error C2513: ' ': nessuna variabile dichiarata prima di '='
C:\Users\mpagg\Desktop\ComputerGraphics\Progetto1\Progetto1\glad.c(335,18): error C2061: errore di sintassi: identificatore 'glad_glColor4d'
C:\Users\mpagg\Desktop\ComputerGraphics\Progetto1\Progetto1\glad.c(335,18): error C2059: errore di sintassi: ';'
C:\Users\mpagg\Desktop\ComputerGraphics\Progetto1\Progetto1\glad.c(335,33): error C2513: ' ': nessuna variabile dichiarata prima di '='
C:\Users\mpagg\Desktop\ComputerGraphics\Progetto1\Progetto1\glad.c(336,19): error C2061: errore di sintassi: identificatore 'glad_glColor4dv'
C:\Users\mpagg\Desktop\ComputerGraphics\Progetto1\Progetto1\glad.c(336,19): error C2059: errore di sintassi: ';'
C:\Users\mpagg\Desktop\ComputerGraphics\Progetto1\Progetto1\glad.c(336,35): error C2513: ' ': nessuna variabile dichiarata prima di '='
C:\Users\mpagg\Desktop\ComputerGraphics\Progetto1\Progetto1\glad.c(337,18): error C2061: errore di sintassi: identificatore 'glad_glColor4f'
C:\Users\mpagg\Desktop\ComputerGraphics\Progetto1\Progetto1\glad.c(337,18): error C2059: errore di sintassi: ';'
C:\Users\mpagg\Desktop\ComputerGraphics\Progetto1\Progetto1\glad.c(337,33): error C2513: ' ': nessuna variabile dichiarata prima di '='
C:\Users\mpagg\Desktop\ComputerGraphics\Progetto1\Progetto1\glad.c(338,19): error C2061: errore di sintassi: identificatore 'glad_glColor4fv'
C:\Users\mpagg\Desktop\ComputerGraphics\Progetto1\Progetto1\glad.c(338,19): error C2059: errore di sintassi: ';'
C:\Users\mpagg\Desktop\ComputerGraphics\Progetto1\Progetto1\glad.c(338,19): fatal  error C1003: il conteggio degli errori supera 100. Interruzione della compilazione
