C:\Program Files\Microsoft Visual Studio\2022\Community\MSBuild\Microsoft\VC\v170\Microsoft.CppBuild.targets(534,5): warning MSB8028: la directory intermedia (x64\Debug\) contiene file condivisi da un altro progetto (Progetto5.vcxproj). Tale condizione può comportare un comportamento di pulizia e ricompilazione non corretto.
  Progetto5_0.cpp
C:\Users\mpagg\Desktop\ComputerGraphics\Progetto5\Progetto5\Progetto5_0.cpp(10,23): warning C4305: 'inizializzazione': troncamento da 'double' a 'float'
C:\Users\mpagg\Desktop\ComputerGraphics\Progetto5\Progetto5\Progetto5_0.cpp(97,41): warning C4305: 'argomento': troncamento da 'double' a 'float'
C:\Users\mpagg\Desktop\ComputerGraphics\Progetto5\Progetto5\Progetto5_0.cpp(106,49): warning C4305: 'argomento': troncamento da 'double' a 'float'
C:\Users\mpagg\Desktop\ComputerGraphics\Progetto5\Progetto5\Progetto5_0.cpp(114,46): warning C4305: 'argomento': troncamento da 'double' a 'float'
C:\Users\mpagg\Desktop\ComputerGraphics\Progetto5\Progetto5\Progetto5_0.cpp(155,27): warning C4244: 'inizializzazione': conversione da 'double' a 'float'. Possibile perdita di dati.
C:\Users\mpagg\Desktop\ComputerGraphics\Progetto5\Progetto5\Progetto5_0.cpp(209,37): warning C4244: '=': conversione da 'double' a 'float'. Possibile perdita di dati.
  gestione_interazioni.cpp
C:\Users\mpagg\Desktop\ComputerGraphics\Progetto5\Progetto5\gestione_interazioni.cpp(69,30): warning C4244: '=': conversione da 'double' a 'float'. Possibile perdita di dati.
C:\Users\mpagg\Desktop\ComputerGraphics\Progetto5\Progetto5\gestione_interazioni.cpp(71,30): warning C4244: '=': conversione da 'double' a 'float'. Possibile perdita di dati.
  init_geometrie.cpp
C:\Users\mpagg\Desktop\ComputerGraphics\Progetto5\Progetto5\init_geometrie.cpp(14,35): warning C4267: '=': conversione da 'size_t' a 'int'. Possibile perdita di dati.
C:\Users\mpagg\Desktop\ComputerGraphics\Progetto5\Progetto5\init_geometrie.cpp(26,17): warning C4244: 'inizializzazione': conversione da 'double' a 'float'. Possibile perdita di dati.
C:\Users\mpagg\Desktop\ComputerGraphics\Progetto5\Progetto5\init_geometrie.cpp(55,35): warning C4267: '=': conversione da 'size_t' a 'int'. Possibile perdita di dati.
C:\Users\mpagg\Desktop\ComputerGraphics\Progetto5\Progetto5\init_geometrie.cpp(64,14): warning C4244: 'inizializzazione': conversione da 'double' a 'float'. Possibile perdita di dati.
C:\Users\mpagg\Desktop\ComputerGraphics\Progetto5\Progetto5\init_geometrie.cpp(73,17): warning C4244: '=': conversione da 'double' a 'float'. Possibile perdita di dati.
C:\Users\mpagg\Desktop\ComputerGraphics\Progetto5\Progetto5\init_geometrie.cpp(74,17): warning C4244: '=': conversione da 'double' a 'float'. Possibile perdita di dati.
C:\Users\mpagg\Desktop\ComputerGraphics\Progetto5\Progetto5\init_geometrie.cpp(81,35): warning C4267: '=': conversione da 'size_t' a 'int'. Possibile perdita di dati.
C:\Users\mpagg\Desktop\ComputerGraphics\Progetto5\Progetto5\init_geometrie.cpp(94,17): warning C4244: 'inizializzazione': conversione da 'double' a 'float'. Possibile perdita di dati.
C:\Users\mpagg\Desktop\ComputerGraphics\Progetto5\Progetto5\init_geometrie.cpp(102,17): warning C4244: '=': conversione da 'double' a 'float'. Possibile perdita di dati.
C:\Users\mpagg\Desktop\ComputerGraphics\Progetto5\Progetto5\init_geometrie.cpp(110,35): warning C4267: '=': conversione da 'size_t' a 'int'. Possibile perdita di dati.
C:\Users\mpagg\Desktop\ComputerGraphics\Progetto5\Progetto5\init_geometrie.cpp(132,35): warning C4267: '=': conversione da 'size_t' a 'int'. Possibile perdita di dati.
  inizializzazioni.cpp
  ShaderMaker.cpp
  Generazione del codice in corso...
  glad.c
LINK : warning LNK4098: la libreria predefinita 'MSVCRT' è in conflitto con l'utilizzo di altre librerie; usare /NODEFAULTLIB:libreria
  Progetto5.vcxproj -> C:\Users\mpagg\Desktop\ComputerGraphics\Progetto5\x64\Debug\Progetto5_0.exe
